[INFO] 2023/10/27 16:09:21 log.go:88: Producer Topic: ContactStatusTopicNew54 Message produced to partition: 0 at offset: 31 

[INFO] 2023/10/27 16:09:21 log.go:88: Messages successfully send contact to kafka
[INFO] 2023/10/27 16:09:21 log.go:88: Producer Topic: ActivityContactTopicNew53 Message produced to partition: 0 at offset: 18 

[INFO] 2023/10/27 16:09:21 log.go:88: Producer Topic: ActivityContactTopicNew53 Message produced to partition: 0 at offset: 19 

[INFO] 2023/10/27 16:09:21 log.go:88: Message successfully send activity to Kafka
[INFO] 2023/10/27 16:09:21 log.go:88: generate activity func stopped

[INFO] 2023/10/27 16:09:21 log.go:88: Received message from topic ContactStatusTopicNew54, partition 0, offset 31: 7166
[INFO] 2023/10/27 16:09:22 log.go:88: Received message from topic ActivityContactTopicNew53, partition 0, offset 18: 477943
[INFO] 2023/10/27 16:09:33 log.go:88: Contactid length: 50

[INFO] 2023/10/27 16:09:33 log.go:88: inserted Successfully
[INFO] 2023/10/27 16:09:41 log.go:88: activityid length: 5500

[INFO] 2023/10/27 16:09:41 log.go:88: inserted Successfully
[INFO] 2023/10/27 16:09:41 log.go:88: Received message from topic ActivityContactTopicNew53, partition 0, offset 19: 462532
[INFO] 2023/10/27 16:10:01 log.go:88: activityid length: 5323

[INFO] 2023/10/27 16:10:01 log.go:88: inserted Successfully
[INFO] 2023/10/27 16:10:40 log.go:88: Producer Topic: ContactStatusTopicNew54 Message produced to partition: 0 at offset: 32 

[INFO] 2023/10/27 16:10:40 log.go:88: Messages successfully send contact to kafka
[INFO] 2023/10/27 16:10:40 log.go:88: Producer Topic: ActivityContactTopicNew53 Message produced to partition: 0 at offset: 20 

[INFO] 2023/10/27 16:10:40 log.go:88: Producer Topic: ActivityContactTopicNew53 Message produced to partition: 0 at offset: 21 

[INFO] 2023/10/27 16:10:40 log.go:88: Message successfully send activity to Kafka
[INFO] 2023/10/27 16:10:40 log.go:88: generate activity func stopped

[INFO] 2023/10/27 16:10:41 log.go:88: Received message from topic ContactStatusTopicNew54, partition 0, offset 32: 7166
[INFO] 2023/10/27 16:10:41 log.go:88: Received message from topic ActivityContactTopicNew53, partition 0, offset 20: 382435
[INFO] 2023/10/27 16:10:53 log.go:88: Contactid length: 50

[INFO] 2023/10/27 16:10:53 log.go:88: inserted Successfully
[INFO] 2023/10/27 16:10:59 log.go:88: activityid length: 4402

[INFO] 2023/10/27 16:10:59 log.go:88: inserted Successfully
[INFO] 2023/10/27 16:10:59 log.go:88: Received message from topic ActivityContactTopicNew53, partition 0, offset 21: 449784
[INFO] 2023/10/27 16:11:18 log.go:88: activityid length: 5176

[INFO] 2023/10/27 16:11:18 log.go:88: inserted Successfully
