[ERROR] 2023/10/26 10:31:17 log.go:80: invalid status format:: strconv.Atoi: parsing "invalid": invalid syntax
[ERROR] 2023/10/26 10:31:17 log.go:80: invalid status format:: strconv.Atoi: parsing "invalid": invalid syntax
[ERROR] 2023/10/26 10:34:30 log.go:80: invalid status format:: strconv.Atoi: parsing "invalid": invalid syntax
[ERROR] 2023/10/26 10:49:49 log.go:80: invalid status format:: strconv.Atoi: parsing "invalid": invalid syntax
[ERROR] 2023/10/26 11:08:47 log.go:80: error in activitydate parsing: parsing time "Invalid Date Format" as "2006-01-02 15:04:05 -0700 MST": cannot parse "Invalid Date Format" as "2006"
[ERROR] 2023/10/26 11:08:55 log.go:80: error in activitydate parsing: parsing time "Invalid Date Format" as "2006-01-02 15:04:05 -0700 MST": cannot parse "Invalid Date Format" as "2006"
[WARNING] 2023/10/26 11:20:45 log.go:66: invalid CSV format
[WARNING] 2023/10/26 12:09:43 log.go:66: invalid CSV format
[WARNING] 2023/10/26 12:11:03 log.go:66: invalid CSV format
[ERROR] 2023/10/26 12:14:43 log.go:80: Error in reading: parse error on line 1, column 31: bare " in non-quoted-field
[ERROR] 2023/10/26 12:14:43 log.go:80: Error in reading: parse error on line 1, column 31: bare " in non-quoted-field
[ERROR] 2023/10/26 12:16:20 log.go:80: Error in reading: parse error on line 1, column 50: extraneous or missing " in quoted-field
[ERROR] 2023/10/26 12:18:36 log.go:80: Error in reading: parse error on line 1, column 50: extraneous or missing " in quoted-field
[ERROR] 2023/10/26 12:19:13 log.go:80: Error in reading: parse error on line 1, column 49: extraneous or missing " in quoted-field
[ERROR] 2023/10/26 12:20:25 log.go:80: Error in reading: parse error on line 1, column 50: extraneous or missing " in quoted-field
[ERROR] 2023/10/26 12:24:47 log.go:80: Error in reading: parse error on line 1, column 26: bare " in non-quoted-field
[ERROR] 2023/10/26 12:26:04 log.go:80: Error in reading: parse error on line 1, column 26: bare " in non-quoted-field
[ERROR] 2023/10/26 12:31:06 log.go:80: Error in reading: parse error on line 1, column 22: bare " in non-quoted-field
[ERROR] 2023/10/26 12:33:52 log.go:80: Error in reading: parse error on line 1, column 27: extraneous or missing " in quoted-field
[ERROR] 2023/10/26 12:35:40 log.go:80: Error in reading: parse error on line 1, column 51: extraneous or missing " in quoted-field
