[ERROR] 2023/10/31 15:13:07 log.go:80: error:: Error 1049 (42000): Unknown database 'testdatabse'
[ERROR] 2023/10/31 15:13:07 log.go:80: error connecting to the database:: Error 1049 (42000): Unknown database 'testdatabse'
[ERROR] 2023/10/31 15:13:19 log.go:80: error:: Error 1049 (42000): Unknown database 'testdatabse'
[ERROR] 2023/10/31 15:13:19 log.go:80: error connecting to the database:: Error 1049 (42000): Unknown database 'testdatabse'
[ERROR] 2023/10/31 15:13:42 log.go:80: error : invalid Topic
[ERROR] 2023/10/31 15:13:42 log.go:80: error in handle topic:: invalid Topic
[ERROR] 2023/10/31 15:13:42 log.go:80: error : invalid Topic
[ERROR] 2023/10/31 15:13:42 log.go:80: error in handle topic:: invalid Topic
[ERROR] 2023/10/31 15:13:42 log.go:80: error:: Error 1049 (42000): Unknown database 'testsdatabse'
[ERROR] 2023/10/31 15:13:42 log.go:80: error connecting to the database:: Error 1049 (42000): Unknown database 'testsdatabse'
[ERROR] 2023/10/31 15:13:56 log.go:80: error : invalid Topic
[ERROR] 2023/10/31 15:13:56 log.go:80: error in handle topic:: invalid Topic
[INFO] 2023/10/31 15:15:01 log.go:88: activityid length: 1

[INFO] 2023/10/31 15:19:23 log.go:88: Messages successfully send contact to kafka
[INFO] 2023/10/31 15:19:26 log.go:88: Producer Topic: ContactStatusTopicNew60 Message produced to partition: 0 at offset: 38 

[INFO] 2023/10/31 15:19:26 log.go:88: Messages successfully send contact to kafka
[INFO] 2023/10/31 15:19:30 log.go:88: Producer Topic: ContactStatusTopicNew60 Message produced to partition: 0 at offset: 39 

[INFO] 2023/10/31 15:19:30 log.go:88: Producer Topic: ContactStatusTopicNew60 Message produced to partition: 0 at offset: 40 

[INFO] 2023/10/31 15:19:30 log.go:88: Messages successfully send contact to kafka
[ERROR] 2023/11/01 10:23:26 log.go:80: Erorr: messageValues is empty
[ERROR] 2023/11/01 10:23:26 log.go:80: Error:: messageValues is empty
[INFO] 2023/11/01 10:23:26 log.go:88: Producer Topic: ContactStatusTopicNew60 Message produced to partition: 0 at offset: 7 

[INFO] 2023/11/01 10:23:26 log.go:88: Messages successfully send contact to kafka
[INFO] 2023/11/01 10:23:26 log.go:88: Producer Topic: ContactStatusTopicNew60 Message produced to partition: 0 at offset: 8 

[INFO] 2023/11/01 10:23:26 log.go:88: Messages successfully send contact to kafka
[ERROR] 2023/11/01 10:23:39 log.go:80: Erorr: messageValues is empty
[ERROR] 2023/11/01 10:23:39 log.go:80: Error:: messageValues is empty
[ERROR] 2023/11/01 10:27:50 log.go:80: Error: message string is empty
[ERROR] 2023/11/01 10:30:13 log.go:80: Error: message string is empty
[ERROR] 2023/11/01 10:31:53 log.go:80: Error: message string is empty
[ERROR] 2023/11/01 10:32:15 log.go:80: Error: message string is empty
[ERROR] 2023/11/01 11:53:36 log.go:80: error:: Error 1049 (42000): Unknown database 'testdatabse'
[ERROR] 2023/11/01 11:53:36 log.go:80: error connecting to the database:: Error 1049 (42000): Unknown database 'testdatabse'
[ERROR] 2023/11/01 11:53:48 log.go:80: error:: Error 1049 (42000): Unknown database 'testdatabse'
[ERROR] 2023/11/01 11:53:48 log.go:80: error connecting to the database:: Error 1049 (42000): Unknown database 'testdatabse'
[ERROR] 2023/11/01 11:54:00 log.go:80: error:: Error 1049 (42000): Unknown database 'testsdatabse'
[ERROR] 2023/11/01 11:54:00 log.go:80: error connecting to the database:: Error 1049 (42000): Unknown database 'testsdatabse'
[ERROR] 2023/11/01 11:54:00 log.go:80: Error: message string is empty
[INFO] 2023/11/01 11:54:00 log.go:88: Producer Topic: ContactStatusTopicNew60 Message produced to partition: 0 at offset: 160 

[INFO] 2023/11/01 11:54:00 log.go:88: Messages successfully send contact to kafka
[INFO] 2023/11/01 11:54:00 log.go:88: Producer Topic: ContactStatusTopicNew60 Message produced to partition: 0 at offset: 161 

[INFO] 2023/11/01 11:54:00 log.go:88: Messages successfully send contact to kafka
[ERROR] 2023/11/01 11:54:27 log.go:80: error:: Error 1049 (42000): Unknown database 'testdatabse'
[ERROR] 2023/11/01 11:54:27 log.go:80: error connecting to the database:: Error 1049 (42000): Unknown database 'testdatabse'
[ERROR] 2023/11/01 11:54:39 log.go:80: error:: Error 1049 (42000): Unknown database 'testdatabse'
[ERROR] 2023/11/01 11:54:39 log.go:80: error connecting to the database:: Error 1049 (42000): Unknown database 'testdatabse'
[ERROR] 2023/11/01 11:54:51 log.go:80: error:: Error 1049 (42000): Unknown database 'testsdatabse'
[ERROR] 2023/11/01 11:54:51 log.go:80: error connecting to the database:: Error 1049 (42000): Unknown database 'testsdatabse'
[ERROR] 2023/11/01 11:54:51 log.go:80: Error: message string is empty
[INFO] 2023/11/01 11:54:51 log.go:88: Producer Topic: ContactStatusTopicNew60 Message produced to partition: 0 at offset: 162 

[INFO] 2023/11/01 11:54:51 log.go:88: Messages successfully send contact to kafka
[INFO] 2023/11/01 11:54:51 log.go:88: Producer Topic: ContactStatusTopicNew60 Message produced to partition: 0 at offset: 163 

[INFO] 2023/11/01 11:54:51 log.go:88: Messages successfully send contact to kafka
[INFO] 2023/11/01 12:48:31 log.go:88: activityid length: 1

[ERROR] 2023/11/01 12:48:31 log.go:80: error : invalid Topic
[ERROR] 2023/11/01 12:48:31 log.go:80: error in handle topic:: invalid Topic
[ERROR] 2023/11/01 12:48:31 log.go:80: error:: Error 1049 (42000): Unknown database 'testsdatabse'
[ERROR] 2023/11/01 12:48:31 log.go:80: error connecting to the database:: Error 1049 (42000): Unknown database 'testsdatabse'
[ERROR] 2023/11/01 12:48:31 log.go:80: Error: message string is empty
[INFO] 2023/11/01 12:48:31 log.go:88: Producer Topic: ContactStatusTopicNew60 Message produced to partition: 0 at offset: 964 

[INFO] 2023/11/01 12:48:31 log.go:88: Messages successfully send contact to kafka
[INFO] 2023/11/01 12:48:31 log.go:88: Producer Topic: ContactStatusTopicNew60 Message produced to partition: 0 at offset: 965 

[INFO] 2023/11/01 12:48:31 log.go:88: Messages successfully send contact to kafka
